<?xml version="1.0" encoding="UTF-8"?>
<!-- Generated by org.testng.reporters.JUnitReportReporter -->
<testsuite hostname="MZE-VMQEA-P0005" failures="0" tests="1" name="com.lambdatest.AssignmentChallengeMac" time="42.202" errors="0" timestamp="2024-01-17T14:33:55 EST" skipped="0">
  <testcase classname="com.lambdatest.AssignmentChallengeMac" name="basicTest" time="42.202"/>
  <system-out/>
</testsuite> <!-- com.lambdatest.AssignmentChallengeMac -->
