<?xml version="1.0" encoding="UTF-8"?>
<!-- Generated by org.testng.reporters.JUnitReportReporter -->
<testsuite hostname="MZE-VMQEA-P0005" failures="0" tests="1" name="com.lambdatest.AssignmentChallengeWindows2" time="21.296" errors="0" timestamp="2024-01-20T00:08:37 EST" skipped="0">
  <testcase classname="com.lambdatest.AssignmentChallengeWindows2" name="basicTest" time="21.296"/>
  <system-out/>
</testsuite> <!-- com.lambdatest.AssignmentChallengeWindows2 -->
