<?xml version="1.0" encoding="UTF-8"?>
<!-- Generated by org.testng.reporters.JUnitReportReporter -->
<testsuite hostname="MZE-VMQEA-P0005" failures="0" tests="1" name="com.lambdatest.AssignmentChallengeWindows" time="22.386" errors="0" timestamp="2024-01-20T00:08:37 EST" skipped="0">
  <testcase classname="com.lambdatest.AssignmentChallengeWindows" name="basicTest" time="22.386"/>
  <system-out/>
</testsuite> <!-- com.lambdatest.AssignmentChallengeWindows -->
